[LOG] System::create                           : Header version = 1.10.06. Current version = 1.10.06.
[LOG] SystemI::setOutputInternal               : Setting output to 'FMOD WASAPI Output'
[LOG] Manager::init                            : maxchannels = 1024 studioflags = 00000009 flags 00000000 extradriverdata 0000000000000000.
[LOG] SystemI::init                            : Initialize version=11006 (95384), maxchannels=1024, flags=0x00030000
[LOG] OutputWASAPI::init                       : Mix Format (WAVEFORMATEX): wFormatTag=0xFFFE, nChannels=2, nSamplesPerSec=48000, nAvgBytesPerSec=384000, nBlockAlign=8, wBitsPerSample=32, cbSize=22.
[LOG] OutputWASAPI::init                       : Mix Format (WAVEFORMATEXTENSIBLE): wValidBitsPerSample=32, dwChannelMask=0x00000003, SubFormat=00000003-0000-0010-8000-00AA00389B71.
[LOG] OutputWASAPI::init                       : Output buffer size: 4096 samples, latency: 0.00ms, period: 10.00ms, DSP buffer: 1024 * 4
[LOG] Thread::initThread                       : Init FMOD stream thread. Priority: 2, Stack Size: 65536, Semaphore: No, Sleep Time: 10, Looping: Yes.
[LOG] SystemI::DSPCodecPoolRegister            : register codec pool for pool type 5
[LOG] Thread::initThread                       : Init FMOD mixer thread. Priority: 3, Stack Size: 49152, Semaphore: No, Sleep Time: 0, Looping: Yes.
[LOG] AsyncManager::init                       : manager 0000018620222898 isAsync 1 updatePeriod 0.02
[LOG] Thread::initThread                       : Init FMOD Studio update thread. Priority: 0, Stack Size: 65536, Semaphore: No, Sleep Time: 1, Looping: No.
[LOG] AsyncManager::init                       : done
[LOG] PlaybackSystem::init                     : 
[LOG] Thread::initThread                       : Init FMOD Studio sample load thread. Priority: 0, Stack Size: 65536, Semaphore: No, Sleep Time: 1, Looping: No.
[LOG] PlaybackSystem::init                     : done
[LOG] LiveUpdate::init                         : 
[LOG] Thread::initThread                       : Init FMOD Studio bank load thread. Priority: 0, Stack Size: 65536, Semaphore: No, Sleep Time: 1, Looping: No.
[LOG] Manager::init                            : done.
[LOG] Profile::init                            : Profiler listening on port: 9264
[LOG] Manager::readBank                        : fileversion = 99, compatVersion = 99 (oldest = 44, newest = 100)
[LOG] Manager::readBank                        : fileversion = 99, compatVersion = 99 (oldest = 44, newest = 100)
[LOG] PlaybackSystem::acquireMasterBus         : Setting master channel group format to 6
[LOG] SystemI::createSound                     : filename = D:\Dropbox\el chavo vr\Build\Desktop/Master Bank.bank : mode 02010082
[LOG] SystemI::createSound                     : FMOD_NONBLOCKING specified.  Putting into queue to be opened asynchronously!
[LOG] Thread::initThread                       : Init FMOD nonblocking thread (0). Priority: 1, Stack Size: 81920, Semaphore: Yes, Sleep Time: 0, Looping: Yes.
[LOG] SystemI::createSound                     : setdata soundi = 00000186BCE2E668 : node = 00000186488E61D0
[LOG] SystemI::createSound                     : add node to async list : head = 00000186081D12C8.  list count = 0
[LOG] AsyncThread::threadFunc                  : Starting Asynchronous operation on sound 00000186BCE2E668
[LOG] SystemI::createSoundInternal             :     Create name='D:\Dropbox\el chavo vr\Build\Desktop/Master Bank.bank', mode=0x02010082
[LOG] SystemI::createSoundInternal             :     exinfo->cbsize             = 232
[LOG] SystemI::createSoundInternal             :     exinfo->length             = 2237408
[LOG] SystemI::createSoundInternal             :     exinfo->fileoffset         = 59744
[LOG] SystemI::createSoundInternal             :     exinfo->numsubsounds       = 1
[LOG] SystemI::createSoundInternal             :     exinfo->inclusionlist      = 00000186488E62E8
[LOG] SystemI::createSoundInternal             :     exinfo->inclusionlistnum   = 1
[LOG] SystemI::createSoundInternal             :     exinfo->suggestedsoundtype = 5
[LOG] SystemI::createSound                     :     filename = D:\Dropbox\el chavo vr\Build\Desktop/Master Bank.bank : mode 02010082
[LOG] SystemI::createSoundInternal             :     exinfo->initialseekpostype = 1
[LOG] SystemI::createSound                     :     FMOD_NONBLOCKING specified.  Putting into queue to be opened asynchronously!
[LOG] SystemI::createSound                     :     setdata soundi = 00000186BCE2E158 : node = 00000186488E6710
[LOG] SystemI::createSound                     :     add node to async list : head = 00000186081D12C8.  list count = 0
[LOG] SystemI::createSoundInternal             :     Create name='', mode=0x02000202
[LOG] SystemI::createSoundInternal             :     exinfo->cbsize             = 232
[LOG] SystemI::createSoundInternal             :     exinfo->length             = 2237408
[LOG] SystemI::createSoundInternal             :     exinfo->fileoffset         = 59744
[LOG] SystemI::createSoundInternal             :     exinfo->numsubsounds       = 1
[LOG] SystemI::createSoundInternal             :     exinfo->inclusionlist      = 00000071BD2EF30C
[LOG] SystemI::createSoundInternal             :     exinfo->inclusionlistnum   = 1
[LOG] SystemI::createSoundInternal             :     exinfo->suggestedsoundtype = 5
[LOG] SystemI::createSoundInternal             :     exinfo->useropen           = 00007FFFE8D5E4B0
[LOG] SystemI::createSoundInternal             :     exinfo->userclose          = 00007FFFE8D5E480
[LOG] SystemI::createSoundInternal             :     exinfo->userread           = 00007FFFE8D5E580
[LOG] SystemI::createSoundInternal             :     exinfo->userseek           = 00007FFFE8D5E640
[LOG] SystemI::createSoundInternal             :     exinfo->fileuserdata       = 0000018634431DF8
[LOG] SystemI::createSoundInternal             :     exinfo->initialseekpostype = 1
[LOG] SystemI::DSPCodecPoolRegister            :     register codec pool for pool type 5
[LOG] SystemI::createSoundInternal             :     Sample 0/1: name='Resortera estira 3', format=2, channels=2, frequency=48000, lengthbytes=54784, lengthpcm=184501, pcmblocksize=0, loopstart=0, loopend=0, mode=0x00000000, channelmask=0x00000000, channelorder=0, peakvolume=0.049266.
[LOG] SystemI::createSoundInternal             :     Stream 0/1: name='Ambiente', format=2, channels=2, frequency=48000, lengthbytes=225952, lengthpcm=1194492, pcmblocksize=0, loopstart=0, loopend=0, mode=0x00000000, channelmask=0x00000000, channelorder=0, peakvolume=0.240051.
[LOG] SystemI::createSoundInternal             :     Create name='', mode=0x02000202
[LOG] SystemI::createSoundInternal             :     exinfo->cbsize             = 232
[LOG] SystemI::createSoundInternal             :     exinfo->length             = 2237408
[LOG] SystemI::createSoundInternal             :     exinfo->fileoffset         = 59744
[LOG] SystemI::createSoundInternal             :     exinfo->numsubsounds       = 1
[LOG] SystemI::createSoundInternal             :     exinfo->inclusionlist      = 00000071BD2EF30C
[LOG] SystemI::createSoundInternal             :     exinfo->inclusionlistnum   = 1
[LOG] SystemI::createSoundInternal             :     exinfo->suggestedsoundtype = 5
[LOG] SystemI::createSoundInternal             :     exinfo->useropen           = 00007FFFE8D5E4B0
[LOG] SystemI::createSoundInternal             :     exinfo->userclose          = 00007FFFE8D5E480
[LOG] SystemI::createSoundInternal             :     exinfo->userread           = 00007FFFE8D5E580
[LOG] SystemI::createSoundInternal             :     exinfo->userseek           = 00007FFFE8D5E640
[LOG] SystemI::createSoundInternal             :     exinfo->fileuserdata       = 0000018634431DF8
[LOG] SystemI::createSoundInternal             :     exinfo->initialseekpostype = 1
[LOG] SystemI::DSPCodecPoolRegister            :     register codec pool for pool type 5
[LOG] SystemI::createSoundInternal             :     Sample 0/1: name='Resortera estira 4', format=2, channels=2, frequency=48000, lengthbytes=21248, lengthpcm=69585, pcmblocksize=0, loopstart=0, loopend=0, mode=0x00000000, channelmask=0x00000000, channelorder=0, peakvolume=0.072899.
[LOG] Thread::initThread                       :     Init FMOD file thread. Priority: 1, Stack Size: 16384, Semaphore: No, Sleep Time: 10, Looping: Yes.
[LOG] AsyncThread::threadFunc                  : Finished Asynchronous operation on sound 00000186BCE2E668
[LOG] AsyncThread::threadFunc                  : Starting Asynchronous operation on sound 00000186BCE2E158
[LOG] SystemI::createSoundInternal             :     Create name='D:\Dropbox\el chavo vr\Build\Desktop/Master Bank.bank', mode=0x02010082
[LOG] SystemI::createSoundInternal             :     exinfo->cbsize             = 232
[LOG] SystemI::createSoundInternal             :     exinfo->length             = 2237408
[LOG] SystemI::createSoundInternal             :     exinfo->fileoffset         = 59744
[LOG] SystemI::createSoundInternal             :     exinfo->numsubsounds       = 1
[LOG] SystemI::createSoundInternal             :     exinfo->inclusionlist      = 00000186488E6828
[LOG] SystemI::createSoundInternal             :     exinfo->inclusionlistnum   = 1
[LOG] SystemI::createSoundInternal             :     exinfo->suggestedsoundtype = 5
[LOG] SystemI::createSoundInternal             :     exinfo->initialseekpostype = 1
[LOG] SystemI::createSoundInternal             :     Stream 0/1: name='Ambiente', format=2, channels=2, frequency=48000, lengthbytes=225952, lengthpcm=1194492, pcmblocksize=0, loopstart=0, loopend=0, mode=0x00000000, channelmask=0x00000000, channelorder=0, peakvolume=0.240051.
[LOG] AsyncThread::threadFunc                  : Finished Asynchronous operation on sound 00000186BCE2E158
[LOG] SoundI::getSubSound                      : sound 00000186BCE2E668.  Subsound index 0 / 1
[LOG] SoundI::getSubSound                      : sound 00000186BCE2E158.  Subsound index 0 / 1
[LOG] SystemI::createSound                     : filename = D:\Dropbox\el chavo vr\Build\Desktop/Master Bank.bank : mode 02010082
[LOG] SystemI::createSound                     : FMOD_NONBLOCKING specified.  Putting into queue to be opened asynchronously!
[LOG] SystemI::createSound                     : setdata soundi = 0000018632660F48 : node = 00000186BBB2F400
[LOG] SystemI::createSound                     : add node to async list : head = 00000186081D12C8.  list count = 0
[LOG] AsyncThread::threadFunc                  : Starting Asynchronous operation on sound 0000018632660F48
[LOG] SystemI::createSoundInternal             :     Create name='D:\Dropbox\el chavo vr\Build\Desktop/Master Bank.bank', mode=0x02010082
[LOG] SystemI::createSoundInternal             :     exinfo->cbsize             = 232
[LOG] SystemI::createSoundInternal             :     exinfo->length             = 2237408
[LOG] SystemI::createSoundInternal             :     exinfo->fileoffset         = 59744
[LOG] SystemI::createSoundInternal             :     exinfo->numsubsounds       = 1
[LOG] SystemI::createSoundInternal             :     exinfo->inclusionlist      = 00000186BBB2F518
[LOG] SystemI::createSoundInternal             :     exinfo->inclusionlistnum   = 1
[LOG] SystemI::createSoundInternal             :     exinfo->suggestedsoundtype = 5
[LOG] SystemI::createSoundInternal             :     exinfo->initialseekposition = 1700
[LOG] SystemI::createSoundInternal             :     exinfo->initialseekpostype = 1
[LOG] SystemI::createSoundInternal             :     Stream 0/1: name='1 Tema SERIE ANIMADA', format=2, channels=2, frequency=48000, lengthbytes=724064, lengthpcm=3053824, pcmblocksize=0, loopstart=0, loopend=0, mode=0x00000000, channelmask=0x00000000, channelorder=0, peakvolume=0.944061.
[LOG] AsyncThread::threadFunc                  : Finished Asynchronous operation on sound 0000018632660F48
[LOG] SoundI::getSubSound                      : sound 0000018632660F48.  Subsound index 0 / 1
[LOG] SystemI::createSoundInternal             : Create name='', mode=0x02000202
[LOG] SystemI::createSoundInternal             : exinfo->cbsize             = 232
[LOG] SystemI::createSoundInternal             : exinfo->length             = 2237408
[LOG] SystemI::createSoundInternal             : exinfo->fileoffset         = 59744
[LOG] SystemI::createSoundInternal             : exinfo->numsubsounds       = 1
[LOG] SystemI::createSoundInternal             : exinfo->inclusionlist      = 00000071BD2EF30C
[LOG] SystemI::createSoundInternal             : exinfo->inclusionlistnum   = 1
[LOG] SystemI::createSoundInternal             : exinfo->suggestedsoundtype = 5
[LOG] SystemI::createSoundInternal             : exinfo->useropen           = 00007FFFE8D5E4B0
[LOG] SystemI::createSoundInternal             : exinfo->userclose          = 00007FFFE8D5E480
[LOG] SystemI::createSoundInternal             : exinfo->userread           = 00007FFFE8D5E580
[LOG] SystemI::createSoundInternal             : exinfo->userseek           = 00007FFFE8D5E640
[LOG] SystemI::createSoundInternal             : exinfo->fileuserdata       = 00000186DDA10AB8
[LOG] SystemI::createSoundInternal             : exinfo->initialseekpostype = 1
[LOG] SystemI::DSPCodecPoolRegister            : register codec pool for pool type 5
[LOG] SystemI::createSoundInternal             : Sample 0/1: name='puerta abierto', format=2, channels=2, frequency=48000, lengthbytes=20096, lengthpcm=68261, pcmblocksize=0, loopstart=0, loopend=0, mode=0x00000000, channelmask=0x00000000, channelorder=0, peakvolume=0.641846.
[LOG] SystemI::createSound                     : filename = D:\Dropbox\el chavo vr\Build\Desktop/Master Bank.bank : mode 02010082
[LOG] SystemI::createSound                     : FMOD_NONBLOCKING specified.  Putting into queue to be opened asynchronously!
[LOG] SystemI::createSound                     : setdata soundi = 00000186BCE2DFA8 : node = 00000186488E65C0
[LOG] SystemI::createSound                     : add node to async list : head = 00000186081D12C8.  list count = 0
[LOG] AsyncThread::threadFunc                  : Starting Asynchronous operation on sound 00000186BCE2DFA8
[LOG] SystemI::createSoundInternal             :     Create name='D:\Dropbox\el chavo vr\Build\Desktop/Master Bank.bank', mode=0x02010082
[LOG] SystemI::createSoundInternal             :     exinfo->cbsize             = 232
[LOG] SystemI::createSoundInternal             :     exinfo->length             = 2237408
[LOG] SystemI::createSoundInternal             :     exinfo->fileoffset         = 59744
[LOG] SystemI::createSoundInternal             :     exinfo->numsubsounds       = 1
[LOG] SystemI::createSoundInternal             :     exinfo->inclusionlist      = 00000186488E66D8
[LOG] SystemI::createSoundInternal             :     exinfo->inclusionlistnum   = 1
[LOG] SystemI::createSoundInternal             :     exinfo->suggestedsoundtype = 5
[LOG] SystemI::createSoundInternal             :     exinfo->initialseekpostype = 1
[LOG] SystemI::createSoundInternal             :     Stream 0/1: name='helices', format=2, channels=2, frequency=48000, lengthbytes=160576, lengthpcm=945423, pcmblocksize=0, loopstart=0, loopend=0, mode=0x00000000, channelmask=0x00000000, channelorder=0, peakvolume=0.670135.
[LOG] AsyncThread::threadFunc                  : Finished Asynchronous operation on sound 00000186BCE2DFA8
[LOG] SoundI::getSubSound                      : sound 00000186BCE2DFA8.  Subsound index 0 / 1
[LOG] SystemI::createSoundInternal             : Create name='', mode=0x02000202
[LOG] SystemI::createSoundInternal             : exinfo->cbsize             = 232
[LOG] SystemI::createSoundInternal             : exinfo->length             = 2237408
[LOG] SystemI::createSoundInternal             : exinfo->fileoffset         = 59744
[LOG] SystemI::createSoundInternal             : exinfo->numsubsounds       = 1
[LOG] SystemI::createSoundInternal             : exinfo->inclusionlist      = 00000071BD2EF30C
[LOG] SystemI::createSoundInternal             : exinfo->inclusionlistnum   = 1
[LOG] SystemI::createSoundInternal             : exinfo->suggestedsoundtype = 5
[LOG] SystemI::createSoundInternal             : exinfo->useropen           = 00007FFFE8D5E4B0
[LOG] SystemI::createSoundInternal             : exinfo->userclose          = 00007FFFE8D5E480
[LOG] SystemI::createSoundInternal             : exinfo->userread           = 00007FFFE8D5E580
[LOG] SystemI::createSoundInternal             : exinfo->userseek           = 00007FFFE8D5E640
[LOG] SystemI::createSoundInternal             : exinfo->fileuserdata       = 00000186DDA0E698
[LOG] SystemI::createSoundInternal             : exinfo->initialseekpostype = 1
[LOG] SystemI::DSPCodecPoolRegister            : register codec pool for pool type 5
[LOG] SystemI::createSoundInternal             : Sample 0/1: name='puerta cerrado', format=2, channels=2, frequency=48000, lengthbytes=17696, lengthpcm=65321, pcmblocksize=0, loopstart=0, loopend=0, mode=0x00000000, channelmask=0x00000000, channelorder=0, peakvolume=0.988464.
[LOG] SystemI::createSoundInternal             : Create name='', mode=0x02000202
[LOG] SystemI::createSoundInternal             : exinfo->cbsize             = 232
[LOG] SystemI::createSoundInternal             : exinfo->length             = 2237408
[LOG] SystemI::createSoundInternal             : exinfo->fileoffset         = 59744
[LOG] SystemI::createSoundInternal             : exinfo->numsubsounds       = 1
[LOG] SystemI::createSoundInternal             : exinfo->inclusionlist      = 00000071BD2EF30C
[LOG] SystemI::createSoundInternal             : exinfo->inclusionlistnum   = 1
[LOG] SystemI::createSoundInternal             : exinfo->suggestedsoundtype = 5
[LOG] SystemI::createSoundInternal             : exinfo->useropen           = 00007FFFE8D5E4B0
[LOG] SystemI::createSoundInternal             : exinfo->userclose          = 00007FFFE8D5E480
[LOG] SystemI::createSoundInternal             : exinfo->userread           = 00007FFFE8D5E580
[LOG] SystemI::createSoundInternal             : exinfo->userseek           = 00007FFFE8D5E640
[LOG] SystemI::createSoundInternal             : exinfo->fileuserdata       = 00000186A7BB7388
[LOG] SystemI::createSoundInternal             : exinfo->initialseekpostype = 1
[LOG] SystemI::DSPCodecPoolRegister            : register codec pool for pool type 5
[LOG] SystemI::createSoundInternal             : Sample 0/1: name='impacto al cuerpo 1_2', format=2, channels=2, frequency=48000, lengthbytes=6976, lengthpcm=52083, pcmblocksize=0, loopstart=0, loopend=0, mode=0x00000000, channelmask=0x00000000, channelorder=0, peakvolume=0.461904.
[LOG] SystemI::createSoundInternal             : Create name='', mode=0x02000202
[LOG] SystemI::createSoundInternal             : exinfo->cbsize             = 232
[LOG] SystemI::createSoundInternal             : exinfo->length             = 2237408
[LOG] SystemI::createSoundInternal             : exinfo->fileoffset         = 59744
[LOG] SystemI::createSoundInternal             : exinfo->numsubsounds       = 1
[LOG] SystemI::createSoundInternal             : exinfo->inclusionlist      = 00000071BD2EF30C
[LOG] SystemI::createSoundInternal             : exinfo->inclusionlistnum   = 1
[LOG] SystemI::createSoundInternal             : exinfo->suggestedsoundtype = 5
[LOG] SystemI::createSoundInternal             : exinfo->useropen           = 00007FFFE8D5E4B0
[LOG] SystemI::createSoundInternal             : exinfo->userclose          = 00007FFFE8D5E480
[LOG] SystemI::createSoundInternal             : exinfo->userread           = 00007FFFE8D5E580
[LOG] SystemI::createSoundInternal             : exinfo->userseek           = 00007FFFE8D5E640
[LOG] SystemI::createSoundInternal             : exinfo->fileuserdata       = 00000186A7BB7388
[LOG] SystemI::createSoundInternal             : exinfo->initialseekpostype = 1
[LOG] SystemI::DSPCodecPoolRegister            : register codec pool for pool type 5
[LOG] SystemI::createSoundInternal             : Sample 0/1: name='waterballoon', format=2, channels=2, frequency=48000, lengthbytes=26176, lengthpcm=78693, pcmblocksize=0, loopstart=0, loopend=47665, mode=0x00000000, channelmask=0x00000000, channelorder=0, peakvolume=0.999969.
[LOG] SystemI::createSoundInternal             : Create name='', mode=0x02000202
[LOG] SystemI::createSoundInternal             : exinfo->cbsize             = 232
[LOG] SystemI::createSoundInternal             : exinfo->length             = 2237408
[LOG] SystemI::createSoundInternal             : exinfo->fileoffset         = 59744
[LOG] SystemI::createSoundInternal             : exinfo->numsubsounds       = 1
[LOG] SystemI::createSoundInternal             : exinfo->inclusionlist      = 00000071BD2EF30C
[LOG] SystemI::createSoundInternal             : exinfo->inclusionlistnum   = 1
[LOG] SystemI::createSoundInternal             : exinfo->suggestedsoundtype = 5
[LOG] SystemI::createSoundInternal             : exinfo->useropen           = 00007FFFE8D5E4B0
[LOG] SystemI::createSoundInternal             : exinfo->userclose          = 00007FFFE8D5E480
[LOG] SystemI::createSoundInternal             : exinfo->userread           = 00007FFFE8D5E580
[LOG] SystemI::createSoundInternal             : exinfo->userseek           = 00007FFFE8D5E640
[LOG] SystemI::createSoundInternal             : exinfo->fileuserdata       = 00000186A7BB7388
[LOG] SystemI::createSoundInternal             : exinfo->initialseekpostype = 1
[LOG] SystemI::DSPCodecPoolRegister            : register codec pool for pool type 5
[LOG] SystemI::createSoundInternal             : Sample 0/1: name='impacto al cuerpo 1', format=2, channels=2, frequency=48000, lengthbytes=3424, lengthpcm=18851, pcmblocksize=0, loopstart=0, loopend=0, mode=0x00000000, channelmask=0x00000000, channelorder=0, peakvolume=0.644905.
[LOG] SystemI::createSoundInternal             : Create name='', mode=0x02000202
[LOG] SystemI::createSoundInternal             : exinfo->cbsize             = 232
[LOG] SystemI::createSoundInternal             : exinfo->length             = 2237408
[LOG] SystemI::createSoundInternal             : exinfo->fileoffset         = 59744
[LOG] SystemI::createSoundInternal             : exinfo->numsubsounds       = 1
[LOG] SystemI::createSoundInternal             : exinfo->inclusionlist      = 00000071BD2EF30C
[LOG] SystemI::createSoundInternal             : exinfo->inclusionlistnum   = 1
[LOG] SystemI::createSoundInternal             : exinfo->suggestedsoundtype = 5
[LOG] SystemI::createSoundInternal             : exinfo->useropen           = 00007FFFE8D5E4B0
[LOG] SystemI::createSoundInternal             : exinfo->userclose          = 00007FFFE8D5E480
[LOG] SystemI::createSoundInternal             : exinfo->userread           = 00007FFFE8D5E580
[LOG] SystemI::createSoundInternal             : exinfo->userseek           = 00007FFFE8D5E640
[LOG] SystemI::createSoundInternal             : exinfo->fileuserdata       = 00000186A7BB7388
[LOG] SystemI::createSoundInternal             : exinfo->initialseekpostype = 1
[LOG] SystemI::DSPCodecPoolRegister            : register codec pool for pool type 5
[LOG] SystemI::createSoundInternal             : Sample 0/1: name='Splash globo 4', format=2, channels=2, frequency=48000, lengthbytes=22496, lengthpcm=104768, pcmblocksize=0, loopstart=0, loopend=0, mode=0x00000000, channelmask=0x00000000, channelorder=0, peakvolume=0.707397.
[LOG] SystemI::createSoundInternal             : Create name='', mode=0x02000202
[LOG] SystemI::createSoundInternal             : exinfo->cbsize             = 232
[LOG] SystemI::createSoundInternal             : exinfo->length             = 2237408
[LOG] SystemI::createSoundInternal             : exinfo->fileoffset         = 59744
[LOG] SystemI::createSoundInternal             : exinfo->numsubsounds       = 1
[LOG] SystemI::createSoundInternal             : exinfo->inclusionlist      = 00000071BD2EF30C
[LOG] SystemI::createSoundInternal             : exinfo->inclusionlistnum   = 1
[LOG] SystemI::createSoundInternal             : exinfo->suggestedsoundtype = 5
[LOG] SystemI::createSoundInternal             : exinfo->useropen           = 00007FFFE8D5E4B0
[LOG] SystemI::createSoundInternal             : exinfo->userclose          = 00007FFFE8D5E480
[LOG] SystemI::createSoundInternal             : exinfo->userread           = 00007FFFE8D5E580
[LOG] SystemI::createSoundInternal             : exinfo->userseek           = 00007FFFE8D5E640
[LOG] SystemI::createSoundInternal             : exinfo->fileuserdata       = 00000186A7BB7388
[LOG] SystemI::createSoundInternal             : exinfo->initialseekpostype = 1
[LOG] SystemI::DSPCodecPoolRegister            : register codec pool for pool type 5
[LOG] SystemI::createSoundInternal             : Sample 0/1: name='Splash globo 3', format=2, channels=2, frequency=48000, lengthbytes=27104, lengthpcm=132632, pcmblocksize=0, loopstart=0, loopend=0, mode=0x00000000, channelmask=0x00000000, channelorder=0, peakvolume=0.778858.
[LOG] SystemI::createSoundInternal             : Create name='', mode=0x02000202
[LOG] SystemI::createSoundInternal             : exinfo->cbsize             = 232
[LOG] SystemI::createSoundInternal             : exinfo->length             = 2237408
[LOG] SystemI::createSoundInternal             : exinfo->fileoffset         = 59744
[LOG] SystemI::createSoundInternal             : exinfo->numsubsounds       = 1
[LOG] SystemI::createSoundInternal             : exinfo->inclusionlist      = 00000071BD2EF30C
[LOG] SystemI::createSoundInternal             : exinfo->inclusionlistnum   = 1
[LOG] SystemI::createSoundInternal             : exinfo->suggestedsoundtype = 5
[LOG] SystemI::createSoundInternal             : exinfo->useropen           = 00007FFFE8D5E4B0
[LOG] SystemI::createSoundInternal             : exinfo->userclose          = 00007FFFE8D5E480
[LOG] SystemI::createSoundInternal             : exinfo->userread           = 00007FFFE8D5E580
[LOG] SystemI::createSoundInternal             : exinfo->userseek           = 00007FFFE8D5E640
[LOG] SystemI::createSoundInternal             : exinfo->fileuserdata       = 00000186A7BB7388
[LOG] SystemI::createSoundInternal             : exinfo->initialseekpostype = 1
[LOG] SystemI::DSPCodecPoolRegister            : register codec pool for pool type 5
[LOG] SystemI::createSoundInternal             : Sample 0/1: name='Splash globo 2', format=2, channels=2, frequency=48000, lengthbytes=26112, lengthpcm=118143, pcmblocksize=0, loopstart=0, loopend=0, mode=0x00000000, channelmask=0x00000000, channelorder=0, peakvolume=0.826429.
[LOG] SystemI::createSoundInternal             : Create name='', mode=0x02000202
[LOG] SystemI::createSoundInternal             : exinfo->cbsize             = 232
[LOG] SystemI::createSoundInternal             : exinfo->length             = 2237408
[LOG] SystemI::createSoundInternal             : exinfo->fileoffset         = 59744
[LOG] SystemI::createSoundInternal             : exinfo->numsubsounds       = 1
[LOG] SystemI::createSoundInternal             : exinfo->inclusionlist      = 00000071BD2EF30C
[LOG] SystemI::createSoundInternal             : exinfo->inclusionlistnum   = 1
[LOG] SystemI::createSoundInternal             : exinfo->suggestedsoundtype = 5
[LOG] SystemI::createSoundInternal             : exinfo->useropen           = 00007FFFE8D5E4B0
[LOG] SystemI::createSoundInternal             : exinfo->userclose          = 00007FFFE8D5E480
[LOG] SystemI::createSoundInternal             : exinfo->userread           = 00007FFFE8D5E580
[LOG] SystemI::createSoundInternal             : exinfo->userseek           = 00007FFFE8D5E640
[LOG] SystemI::createSoundInternal             : exinfo->fileuserdata       = 00000186A7BB7388
[LOG] SystemI::createSoundInternal             : exinfo->initialseekpostype = 1
[LOG] SystemI::DSPCodecPoolRegister            : register codec pool for pool type 5
[LOG] SystemI::createSoundInternal             : Sample 0/1: name='impacto al cuerpo 1_1', format=2, channels=2, frequency=48000, lengthbytes=3424, lengthpcm=18851, pcmblocksize=0, loopstart=0, loopend=0, mode=0x00000000, channelmask=0x00000000, channelorder=0, peakvolume=0.644905.
[LOG] SystemI::createSoundInternal             : Create name='', mode=0x02000202
[LOG] SystemI::createSoundInternal             : exinfo->cbsize             = 232
[LOG] SystemI::createSoundInternal             : exinfo->length             = 2237408
[LOG] SystemI::createSoundInternal             : exinfo->fileoffset         = 59744
[LOG] SystemI::createSoundInternal             : exinfo->numsubsounds       = 1
[LOG] SystemI::createSoundInternal             : exinfo->inclusionlist      = 00000071BD2EF30C
[LOG] SystemI::createSoundInternal             : exinfo->inclusionlistnum   = 1
[LOG] SystemI::createSoundInternal             : exinfo->suggestedsoundtype = 5
[LOG] SystemI::createSoundInternal             : exinfo->useropen           = 00007FFFE8D5E4B0
[LOG] SystemI::createSoundInternal             : exinfo->userclose          = 00007FFFE8D5E480
[LOG] SystemI::createSoundInternal             : exinfo->userread           = 00007FFFE8D5E580
[LOG] SystemI::createSoundInternal             : exinfo->userseek           = 00007FFFE8D5E640
[LOG] SystemI::createSoundInternal             : exinfo->fileuserdata       = 00000186A7BB7388
[LOG] SystemI::createSoundInternal             : exinfo->initialseekpostype = 1
[LOG] SystemI::DSPCodecPoolRegister            : register codec pool for pool type 5
[LOG] SystemI::createSoundInternal             : Sample 0/1: name='Splash globo 1', format=2, channels=2, frequency=48000, lengthbytes=23584, lengthpcm=105882, pcmblocksize=0, loopstart=0, loopend=0, mode=0x00000000, channelmask=0x00000000, channelorder=0, peakvolume=0.881827.
[LOG] SystemI::createSoundInternal             : Create name='', mode=0x02000202
[LOG] SystemI::createSoundInternal             : exinfo->cbsize             = 232
[LOG] SystemI::createSoundInternal             : exinfo->length             = 2237408
[LOG] SystemI::createSoundInternal             : exinfo->fileoffset         = 59744
[LOG] SystemI::createSoundInternal             : exinfo->numsubsounds       = 1
[LOG] SystemI::createSoundInternal             : exinfo->inclusionlist      = 00000071BD2EF30C
[LOG] SystemI::createSoundInternal             : exinfo->inclusionlistnum   = 1
[LOG] SystemI::createSoundInternal             : exinfo->suggestedsoundtype = 5
[LOG] SystemI::createSoundInternal             : exinfo->useropen           = 00007FFFE8D5E4B0
[LOG] SystemI::createSoundInternal             : exinfo->userclose          = 00007FFFE8D5E480
[LOG] SystemI::createSoundInternal             : exinfo->userread           = 00007FFFE8D5E580
[LOG] SystemI::createSoundInternal             : exinfo->userseek           = 00007FFFE8D5E640
[LOG] SystemI::createSoundInternal             : exinfo->fileuserdata       = 00000186A7BB7388
[LOG] SystemI::createSoundInternal             : exinfo->initialseekpostype = 1
[LOG] SystemI::DSPCodecPoolRegister            : register codec pool for pool type 5
[LOG] SystemI::createSoundInternal             : Sample 0/1: name='Splash globo 5', format=2, channels=2, frequency=48000, lengthbytes=24384, lengthpcm=117028, pcmblocksize=0, loopstart=0, loopend=0, mode=0x00000000, channelmask=0x00000000, channelorder=0, peakvolume=0.679591.
[LOG] SystemI::createSoundInternal             : Create name='', mode=0x02000202
[LOG] SystemI::createSoundInternal             : exinfo->cbsize             = 232
[LOG] SystemI::createSoundInternal             : exinfo->length             = 2237408
[LOG] SystemI::createSoundInternal             : exinfo->fileoffset         = 59744
[LOG] SystemI::createSoundInternal             : exinfo->numsubsounds       = 1
[LOG] SystemI::createSoundInternal             : exinfo->inclusionlist      = 00000071BD2EF30C
[LOG] SystemI::createSoundInternal             : exinfo->inclusionlistnum   = 1
[LOG] SystemI::createSoundInternal             : exinfo->suggestedsoundtype = 5
[LOG] SystemI::createSoundInternal             : exinfo->useropen           = 00007FFFE8D5E4B0
[LOG] SystemI::createSoundInternal             : exinfo->userclose          = 00007FFFE8D5E480
[LOG] SystemI::createSoundInternal             : exinfo->userread           = 00007FFFE8D5E580
[LOG] SystemI::createSoundInternal             : exinfo->userseek           = 00007FFFE8D5E640
[LOG] SystemI::createSoundInternal             : exinfo->fileuserdata       = 00000186A7BB7388
[LOG] SystemI::createSoundInternal             : exinfo->initialseekpostype = 1
[LOG] SystemI::DSPCodecPoolRegister            : register codec pool for pool type 5
[LOG] SystemI::createSoundInternal             : Sample 0/1: name='impacto al cuerpo 1_3', format=2, channels=2, frequency=48000, lengthbytes=6976, lengthpcm=52083, pcmblocksize=0, loopstart=0, loopend=0, mode=0x00000000, channelmask=0x00000000, channelorder=0, peakvolume=0.461904.
[LOG] SystemI::createSound                     : filename = D:\Dropbox\el chavo vr\Build\Desktop/Master Bank.bank : mode 02010082
[LOG] SystemI::createSound                     : FMOD_NONBLOCKING specified.  Putting into queue to be opened asynchronously!
[LOG] SystemI::createSound                     : setdata soundi = 00000186A179A178 : node = 000001861E2A9C50
[LOG] SystemI::createSound                     : add node to async list : head = 00000186081D12C8.  list count = 0
[LOG] AsyncThread::threadFunc                  : Starting Asynchronous operation on sound 00000186A179A178
[LOG] SystemI::createSoundInternal             :     Create name='D:\Dropbox\el chavo vr\Build\Desktop/Master Bank.bank', mode=0x02010082
[LOG] SystemI::createSoundInternal             :     exinfo->cbsize             = 232
[LOG] SystemI::createSoundInternal             :     exinfo->length             = 2237408
[LOG] SystemI::createSoundInternal             :     exinfo->fileoffset         = 59744
[LOG] SystemI::createSoundInternal             :     exinfo->numsubsounds       = 1
[LOG] SystemI::createSoundInternal             :     exinfo->inclusionlist      = 000001861E2A9D68
[LOG] SystemI::createSoundInternal             :     exinfo->inclusionlistnum   = 1
[LOG] SystemI::createSoundInternal             :     exinfo->suggestedsoundtype = 5
[LOG] SystemI::createSoundInternal             :     exinfo->initialseekpostype = 1
[LOG] SystemI::createSoundInternal             :     Stream 0/1: name='helices', format=2, channels=2, frequency=48000, lengthbytes=160576, lengthpcm=945423, pcmblocksize=0, loopstart=0, loopend=0, mode=0x00000000, channelmask=0x00000000, channelorder=0, peakvolume=0.670135.
[LOG] AsyncThread::threadFunc                  : Finished Asynchronous operation on sound 00000186A179A178
[LOG] SoundI::getSubSound                      : sound 00000186A179A178.  Subsound index 0 / 1
[LOG] SystemI::createSound                     : filename = D:\Dropbox\el chavo vr\Build\Desktop/Master Bank.bank : mode 02010082
[LOG] SystemI::createSound                     : FMOD_NONBLOCKING specified.  Putting into queue to be opened asynchronously!
[LOG] SystemI::createSound                     : setdata soundi = 00000186BCE2EB78 : node = 00000186488E6B00
[LOG] SystemI::createSound                     : add node to async list : head = 00000186081D12C8.  list count = 0
[LOG] AsyncThread::threadFunc                  : Starting Asynchronous operation on sound 00000186BCE2EB78
[LOG] SystemI::createSoundInternal             :     Create name='D:\Dropbox\el chavo vr\Build\Desktop/Master Bank.bank', mode=0x02010082
[LOG] SystemI::createSoundInternal             :     exinfo->cbsize             = 232
[LOG] SystemI::createSoundInternal             :     exinfo->length             = 2237408
[LOG] SystemI::createSoundInternal             :     exinfo->fileoffset         = 59744
[LOG] SystemI::createSoundInternal             :     exinfo->numsubsounds       = 1
[LOG] SystemI::createSoundInternal             :     exinfo->inclusionlist      = 00000186488E6C18
[LOG] SystemI::createSoundInternal             :     exinfo->inclusionlistnum   = 1
[LOG] SystemI::createSoundInternal             :     exinfo->suggestedsoundtype = 5
[LOG] SystemI::createSoundInternal             :     exinfo->initialseekpostype = 1
[LOG] SystemI::createSoundInternal             :     Stream 0/1: name='helices', format=2, channels=2, frequency=48000, lengthbytes=160576, lengthpcm=945423, pcmblocksize=0, loopstart=0, loopend=0, mode=0x00000000, channelmask=0x00000000, channelorder=0, peakvolume=0.670135.
[LOG] AsyncThread::threadFunc                  : Finished Asynchronous operation on sound 00000186BCE2EB78
[LOG] SoundI::getSubSound                      : sound 00000186BCE2EB78.  Subsound index 0 / 1
[LOG] SoundI::release                          : helices (00000186BCE2DFA8)
[LOG] SoundI::release                          :     helices (00000186ABABC5E8)
[LOG] SoundI::release                          :     helices (0000018698180E38)
[LOG] SystemI::createSound                     : filename = D:\Dropbox\el chavo vr\Build\Desktop/Master Bank.bank : mode 02010082
[LOG] SystemI::createSound                     : FMOD_NONBLOCKING specified.  Putting into queue to be opened asynchronously!
[LOG] SystemI::createSound                     : setdata soundi = 00000186244D1C68 : node = 00000186A3889990
[LOG] SystemI::createSound                     : add node to async list : head = 00000186081D12C8.  list count = 0
[LOG] AsyncThread::threadFunc                  : Starting Asynchronous operation on sound 00000186244D1C68
[LOG] SystemI::createSoundInternal             :     Create name='D:\Dropbox\el chavo vr\Build\Desktop/Master Bank.bank', mode=0x02010082
[LOG] SystemI::createSoundInternal             :     exinfo->cbsize             = 232
[LOG] SystemI::createSoundInternal             :     exinfo->length             = 2237408
[LOG] SystemI::createSoundInternal             :     exinfo->fileoffset         = 59744
[LOG] SystemI::createSoundInternal             :     exinfo->numsubsounds       = 1
[LOG] SystemI::createSoundInternal             :     exinfo->inclusionlist      = 00000186A3889AA8
[LOG] SystemI::createSoundInternal             :     exinfo->inclusionlistnum   = 1
[LOG] SystemI::createSoundInternal             :     exinfo->suggestedsoundtype = 5
[LOG] SystemI::createSoundInternal             :     exinfo->initialseekpostype = 1
[LOG] SystemI::createSoundInternal             :     Stream 0/1: name='helices', format=2, channels=2, frequency=48000, lengthbytes=160576, lengthpcm=945423, pcmblocksize=0, loopstart=0, loopend=0, mode=0x00000000, channelmask=0x00000000, channelorder=0, peakvolume=0.670135.
[LOG] AsyncThread::threadFunc                  : Finished Asynchronous operation on sound 00000186244D1C68
[LOG] SoundI::getSubSound                      : sound 00000186244D1C68.  Subsound index 0 / 1
[LOG] SoundI::release                          : helices (00000186A179A178)
[LOG] SoundI::release                          :     helices (000001860626D228)
[LOG] SoundI::release                          :     helices (0000018709F39698)
[LOG] SystemI::createSound                     : filename = D:\Dropbox\el chavo vr\Build\Desktop/Master Bank.bank : mode 02010082
[LOG] SystemI::createSound                     : FMOD_NONBLOCKING specified.  Putting into queue to be opened asynchronously!
[LOG] SystemI::createSound                     : setdata soundi = 00000186099478D8 : node = 000001865C65C1A0
[LOG] SystemI::createSound                     : add node to async list : head = 00000186081D12C8.  list count = 0
[LOG] AsyncThread::threadFunc                  : Starting Asynchronous operation on sound 00000186099478D8
[LOG] SystemI::createSoundInternal             :     Create name='D:\Dropbox\el chavo vr\Build\Desktop/Master Bank.bank', mode=0x02010082
[LOG] SystemI::createSoundInternal             :     exinfo->cbsize             = 232
[LOG] SystemI::createSoundInternal             :     exinfo->length             = 2237408
[LOG] SystemI::createSoundInternal             :     exinfo->fileoffset         = 59744
[LOG] SystemI::createSoundInternal             :     exinfo->numsubsounds       = 1
[LOG] SystemI::createSoundInternal             :     exinfo->inclusionlist      = 000001865C65C2B8
[LOG] SystemI::createSoundInternal             :     exinfo->inclusionlistnum   = 1
[LOG] SystemI::createSoundInternal             :     exinfo->suggestedsoundtype = 5
[LOG] SystemI::createSoundInternal             :     exinfo->initialseekpostype = 1
[LOG] SystemI::createSoundInternal             :     Stream 0/1: name='helices', format=2, channels=2, frequency=48000, lengthbytes=160576, lengthpcm=945423, pcmblocksize=0, loopstart=0, loopend=0, mode=0x00000000, channelmask=0x00000000, channelorder=0, peakvolume=0.670135.
[LOG] AsyncThread::threadFunc                  : Finished Asynchronous operation on sound 00000186099478D8
[LOG] SoundI::getSubSound                      : sound 00000186099478D8.  Subsound index 0 / 1
[LOG] SystemI::createSound                     : filename = D:\Dropbox\el chavo vr\Build\Desktop/Master Bank.bank : mode 02010082
[LOG] SystemI::createSound                     : FMOD_NONBLOCKING specified.  Putting into queue to be opened asynchronously!
[LOG] SystemI::createSound                     : setdata soundi = 00000186BCE2DFA8 : node = 00000186488E6DA0
[LOG] SystemI::createSound                     : add node to async list : head = 00000186081D12C8.  list count = 0
[LOG] AsyncThread::threadFunc                  : Starting Asynchronous operation on sound 00000186BCE2DFA8
[LOG] SystemI::createSoundInternal             :     Create name='D:\Dropbox\el chavo vr\Build\Desktop/Master Bank.bank', mode=0x02010082
[LOG] SystemI::createSoundInternal             :     exinfo->cbsize             = 232
[LOG] SystemI::createSoundInternal             :     exinfo->length             = 2237408
[LOG] SystemI::createSoundInternal             :     exinfo->fileoffset         = 59744
[LOG] SystemI::createSoundInternal             :     exinfo->numsubsounds       = 1
[LOG] SystemI::createSoundInternal             :     exinfo->inclusionlist      = 00000186488E6EB8
[LOG] SystemI::createSoundInternal             :     exinfo->inclusionlistnum   = 1
[LOG] SystemI::createSoundInternal             :     exinfo->suggestedsoundtype = 5
[LOG] SystemI::createSoundInternal             :     exinfo->initialseekposition = 8275
[LOG] SystemI::createSoundInternal             :     exinfo->initialseekpostype = 1
[LOG] SystemI::createSoundInternal             :     Stream 0/1: name='1 Tema SERIE ANIMADA', format=2, channels=2, frequency=48000, lengthbytes=724064, lengthpcm=3053824, pcmblocksize=0, loopstart=0, loopend=0, mode=0x00000000, channelmask=0x00000000, channelorder=0, peakvolume=0.944061.
[LOG] AsyncThread::threadFunc                  : Finished Asynchronous operation on sound 00000186BCE2DFA8
[LOG] SoundI::getSubSound                      : sound 00000186BCE2DFA8.  Subsound index 0 / 1
[LOG] SoundI::release                          : 1 Tema SERIE ANIMADA (0000018632660F48)
[LOG] SoundI::release                          :     1 Tema SERIE ANIMADA (00000186A1689D08)
[LOG] SoundI::release                          :     1 Tema SERIE ANIMADA (00000186A1797748)
[LOG] SoundI::release                          : helices (00000186BCE2EB78)
[LOG] SoundI::release                          :     helices (000001861C0B0A68)
[LOG] SoundI::release                          :     helices (0000018620D4CE68)
[LOG] SystemI::createSound                     : filename = D:\Dropbox\el chavo vr\Build\Desktop/Master Bank.bank : mode 02010082
[LOG] SystemI::createSound                     : FMOD_NONBLOCKING specified.  Putting into queue to be opened asynchronously!
[LOG] SystemI::createSound                     : setdata soundi = 00000186244D13F8 : node = 00000186A3889C30
[LOG] SystemI::createSound                     : add node to async list : head = 00000186081D12C8.  list count = 0
[LOG] AsyncThread::threadFunc                  : Starting Asynchronous operation on sound 00000186244D13F8
[LOG] SystemI::createSoundInternal             :     Create name='D:\Dropbox\el chavo vr\Build\Desktop/Master Bank.bank', mode=0x02010082
[LOG] SystemI::createSoundInternal             :     exinfo->cbsize             = 232
[LOG] SystemI::createSoundInternal             :     exinfo->length             = 2237408
[LOG] SystemI::createSoundInternal             :     exinfo->fileoffset         = 59744
[LOG] SystemI::createSoundInternal             :     exinfo->numsubsounds       = 1
[LOG] SystemI::createSoundInternal             :     exinfo->inclusionlist      = 00000186A3889D48
[LOG] SystemI::createSoundInternal             :     exinfo->inclusionlistnum   = 1
[LOG] SystemI::createSoundInternal             :     exinfo->suggestedsoundtype = 5
[LOG] SystemI::createSoundInternal             :     exinfo->initialseekpostype = 1
[LOG] SystemI::createSoundInternal             :     Stream 0/1: name='helices', format=2, channels=2, frequency=48000, lengthbytes=160576, lengthpcm=945423, pcmblocksize=0, loopstart=0, loopend=0, mode=0x00000000, channelmask=0x00000000, channelorder=0, peakvolume=0.670135.
[LOG] AsyncThread::threadFunc                  : Finished Asynchronous operation on sound 00000186244D13F8
[LOG] SoundI::getSubSound                      : sound 00000186244D13F8.  Subsound index 0 / 1
[LOG] SoundI::release                          : helices (00000186244D1C68)
[LOG] SoundI::release                          :     helices (00000186081D3398)
[LOG] SoundI::release                          :     helices (00000186BCE2DDF8)
[LOG] SoundI::release                          : 1 Tema SERIE ANIMADA (00000186BCE2DFA8)
[LOG] SoundI::release                          :     1 Tema SERIE ANIMADA (00000186ABABCFA8)
[LOG] SoundI::release                          :     1 Tema SERIE ANIMADA (0000018698180928)
[LOG] SoundI::release                          : Ambiente (00000186BCE2E158)
[LOG] SoundI::release                          :     Ambiente (00000186081D24F8)
[LOG] SoundI::release                          :     Ambiente (00000186BCE2E9C8)
[LOG] SoundI::release                          : Ambiente (00000186BCE2E668)
[LOG] SoundI::release                          :     Ambiente (00000186081D2D18)
[LOG] SoundI::release                          :     Ambiente (00000186BCE2E308)
[LOG] SoundI::release                          : helices (00000186244D13F8)
[LOG] SoundI::release                          :     helices (00000186ABABB0C8)
[LOG] SoundI::release                          :     helices (0000018698180AD8)
[LOG] SoundI::release                          : helices (00000186099478D8)
[LOG] SoundI::release                          :     helices (00000186ABABC788)
[LOG] SoundI::release                          :     helices (0000018698180778)
[LOG] SoundI::release                          :  (0000018607974518)
[LOG] SoundI::release                          :     Resortera estira 4 (00000186BF4B2058)
[LOG] SoundI::release                          :  (00000186079740C8)
[LOG] SoundI::release                          :     Resortera estira 3 (00000186BF4B2538)
[LOG] SoundI::release                          :  (00000186BB922618)
[LOG] SoundI::release                          :     impacto al cuerpo 1 (00000186DC982A28)
[LOG] SoundI::release                          :  (0000018605DD6528)
[LOG] SoundI::release                          :     impacto al cuerpo 1_1 (00000186DC9845C8)
[LOG] SoundI::release                          :  (00000186BB923028)
[LOG] SoundI::release                          :     impacto al cuerpo 1_2 (00000186DC982548)
[LOG] SoundI::release                          :  (00000186CB9B2698)
[LOG] SoundI::release                          :     impacto al cuerpo 1_3 (00000186DC984AA8)
[LOG] SoundI::release                          :  (00000186246CB2A8)
[LOG] SoundI::release                          :     puerta abierto (00000186803CA128)
[LOG] SoundI::release                          :  (00000186246CB588)
[LOG] SoundI::release                          :     puerta cerrado (00000186803C9C48)
[LOG] SoundI::release                          :  (00000186BB923198)
[LOG] SoundI::release                          :     waterballoon (00000186DC982888)
[LOG] SoundI::release                          :  (0000018605DD6698)
[LOG] SoundI::release                          :     Splash globo 1 (00000186DC985AE8)
[LOG] SoundI::release                          :  (0000018605DD63B8)
[LOG] SoundI::release                          :     Splash globo 2 (00000186DC983588)
[LOG] SoundI::release                          :  (00000186BB922BD8)
[LOG] SoundI::release                          :     Splash globo 3 (00000186DC983F48)
[LOG] SoundI::release                          :  (00000186BB9228F8)
[LOG] SoundI::release                          :     Splash globo 4 (00000186DC9833E8)
[LOG] SoundI::release                          :  (0000018605DD6808)
[LOG] SoundI::release                          :     Splash globo 5 (00000186DC9826E8)
[LOG] Thread::callback                         : FMOD Studio update thread finished.
[LOG] Thread::callback                         : FMOD Studio bank load thread finished.
[LOG] Profile::disconnectAll                   : Profiler disconnecting all clients
[LOG] Thread::callback                         : FMOD Studio sample load thread finished.
[LOG] LiveUpdate::release                      : 
[LOG] LiveUpdate::reset                        : Reset connection (reason Disconnected)
[LOG] Thread::callback                         : FMOD stream thread finished.
[LOG] Thread::callback                         : FMOD mixer thread finished.
[LOG] Profile::disconnectAll                   : Profiler disconnecting all clients
[LOG] Thread::callback                         : FMOD nonblocking thread (0) finished.
[LOG] Thread::callback                         : FMOD file thread finished.
[LOG] SystemI::close                           : Closed.
